  g_items.c
C:\Users\josue\OneDrive\Documents\Coding\GitHub\Quake2\quake2-full\game\g_items.c(47,30): warning C4211: nonstandard extension used: redefined extern to static
C:\Users\josue\OneDrive\Documents\Coding\GitHub\Quake2\quake2-full\game\g_items.c(48,30): warning C4211: nonstandard extension used: redefined extern to static
C:\Users\josue\OneDrive\Documents\Coding\GitHub\Quake2\quake2-full\game\g_items.c(49,28): warning C4211: nonstandard extension used: redefined extern to static
C:\Users\josue\OneDrive\Documents\Coding\GitHub\Quake2\quake2-full\game\g_items.c(709,45): warning C4100: 'item': unreferenced formal parameter
C:\Users\josue\OneDrive\Documents\Coding\GitHub\Quake2\quake2-full\game\g_items.c(765,77): warning C4100: 'surf': unreferenced formal parameter
C:\Users\josue\OneDrive\Documents\Coding\GitHub\Quake2\quake2-full\game\g_items.c(765,58): warning C4100: 'plane': unreferenced formal parameter
C:\Users\josue\OneDrive\Documents\Coding\GitHub\Quake2\quake2-full\game\g_items.c(896,55): warning C4100: 'activator': unreferenced formal parameter
C:\Users\josue\OneDrive\Documents\Coding\GitHub\Quake2\quake2-full\game\g_items.c(896,39): warning C4100: 'other': unreferenced formal parameter
C:\Users\josue\OneDrive\Documents\Coding\GitHub\Quake2\quake2-full\game\g_items.c(1550,1): warning C4047: 'initializing': 'int' differs in levels of indirection from 'void *'
C:\Users\josue\OneDrive\Documents\Coding\GitHub\Quake2\quake2-full\game\g_items.c(1550,1): warning C4047: 'initializing': 'int' differs in levels of indirection from 'char [37]'
C:\Users\josue\OneDrive\Documents\Coding\GitHub\Quake2\quake2-full\game\g_items.c(1573,1): warning C4047: 'initializing': 'int' differs in levels of indirection from 'void *'
C:\Users\josue\OneDrive\Documents\Coding\GitHub\Quake2\quake2-full\game\g_items.c(1573,1): warning C4047: 'initializing': 'int' differs in levels of indirection from 'char [37]'
  p_client.c
C:\Users\josue\OneDrive\Documents\Coding\GitHub\Quake2\quake2-full\game\p_client.c(70,42): warning C4100: 'self': unreferenced formal parameter
C:\Users\josue\OneDrive\Documents\Coding\GitHub\Quake2\quake2-full\game\p_client.c(179,66): warning C4100: 'damage': unreferenced formal parameter
C:\Users\josue\OneDrive\Documents\Coding\GitHub\Quake2\quake2-full\game\p_client.c(179,56): warning C4100: 'kick': unreferenced formal parameter
C:\Users\josue\OneDrive\Documents\Coding\GitHub\Quake2\quake2-full\game\p_client.c(179,43): warning C4100: 'other': unreferenced formal parameter
C:\Users\josue\OneDrive\Documents\Coding\GitHub\Quake2\quake2-full\game\p_client.c(179,28): warning C4100: 'self': unreferenced formal parameter
C:\Users\josue\OneDrive\Documents\Coding\GitHub\Quake2\quake2-full\game\p_client.c(211,46): warning C4100: 'inflictor': unreferenced formal parameter
C:\Users\josue\OneDrive\Documents\Coding\GitHub\Quake2\quake2-full\game\p_client.c(501,91): warning C4100: 'point': unreferenced formal parameter
C:\Users\josue\OneDrive\Documents\Coding\GitHub\Quake2\quake2-full\game\p_client.c(645,54): warning C4047: '=': 'int *' differs in levels of indirection from 'int'
C:\Users\josue\OneDrive\Documents\Coding\GitHub\Quake2\quake2-full\game\p_client.c(652,54): warning C4047: '=': 'int *' differs in levels of indirection from 'int'
C:\Users\josue\OneDrive\Documents\Coding\GitHub\Quake2\quake2-full\game\p_client.c(658,55): warning C4047: '=': 'int *' differs in levels of indirection from 'int'
C:\Users\josue\OneDrive\Documents\Coding\GitHub\Quake2\quake2-full\game\p_client.c(664,60): warning C4047: '=': 'int *' differs in levels of indirection from 'int'
C:\Users\josue\OneDrive\Documents\Coding\GitHub\Quake2\quake2-full\game\p_client.c(670,56): warning C4047: '=': 'int *' differs in levels of indirection from 'int'
C:\Users\josue\OneDrive\Documents\Coding\GitHub\Quake2\quake2-full\game\p_client.c(676,57): warning C4047: '=': 'int *' differs in levels of indirection from 'int'
C:\Users\josue\OneDrive\Documents\Coding\GitHub\Quake2\quake2-full\game\p_client.c(682,62): warning C4047: '=': 'int *' differs in levels of indirection from 'int'
C:\Users\josue\OneDrive\Documents\Coding\GitHub\Quake2\quake2-full\game\p_client.c(688,54): warning C4047: '=': 'int *' differs in levels of indirection from 'int'
C:\Users\josue\OneDrive\Documents\Coding\GitHub\Quake2\quake2-full\game\p_client.c(694,52): warning C4047: '=': 'int *' differs in levels of indirection from 'int'
C:\Users\josue\OneDrive\Documents\Coding\GitHub\Quake2\quake2-full\game\p_client.c(701,57): warning C4047: '=': 'int *' differs in levels of indirection from 'int'
C:\Users\josue\OneDrive\Documents\Coding\GitHub\Quake2\quake2-full\game\p_client.c(707,55): warning C4047: '=': 'int *' differs in levels of indirection from 'int'
C:\Users\josue\OneDrive\Documents\Coding\GitHub\Quake2\quake2-full\game\p_client.c(714,56): warning C4047: '=': 'int *' differs in levels of indirection from 'int'
C:\Users\josue\OneDrive\Documents\Coding\GitHub\Quake2\quake2-full\game\p_client.c(640,6): warning C4189: 'currentSoulNumber': local variable is initialized but not referenced
C:\Users\josue\OneDrive\Documents\Coding\GitHub\Quake2\quake2-full\game\p_client.c(1040,89): warning C4100: 'point': unreferenced formal parameter
C:\Users\josue\OneDrive\Documents\Coding\GitHub\Quake2\quake2-full\game\p_client.c(1040,60): warning C4100: 'attacker': unreferenced formal parameter
C:\Users\josue\OneDrive\Documents\Coding\GitHub\Quake2\quake2-full\game\p_client.c(1040,40): warning C4100: 'inflictor': unreferenced formal parameter
C:\Users\josue\OneDrive\Documents\Coding\GitHub\Quake2\quake2-full\game\p_client.c(1479,10): warning C4996: 'strcpy': This function or variable may be unsafe. Consider using strcpy_s instead. To disable deprecation, use _CRT_SECURE_NO_WARNINGS. See online help for details.
C:\Users\josue\OneDrive\Documents\Coding\GitHub\Quake2\quake2-full\game\p_client.c(1484,2): warning C4996: 'strncpy': This function or variable may be unsafe. Consider using strncpy_s instead. To disable deprecation, use _CRT_SECURE_NO_WARNINGS. See online help for details.
C:\Users\josue\OneDrive\Documents\Coding\GitHub\Quake2\quake2-full\game\p_client.c(1524,2): warning C4996: 'strncpy': This function or variable may be unsafe. Consider using strncpy_s instead. To disable deprecation, use _CRT_SECURE_NO_WARNINGS. See online help for details.
  p_weapon.c
  Generating Code...
     Creating library .\..\release\gamex86.lib and object .\..\release\gamex86.exp
  game.vcxproj -> C:\Users\josue\OneDrive\Documents\Coding\GitHub\Quake2\quake2-full\game\release\gamex86.dll
  ..\customMod\Adds\config.cfg
  ..\customMod\Adds\pics\Allocation Souls.xcf
  ..\customMod\Adds\pics\i_HelpModMenu.pcx
  ..\customMod\Adds\pics\i_SoulAllocationMenu.pcx
  ..\customMod\Adds\pics\i_XP.pcx
  ..\customMod\Adds\pics\m_main_plaque.xcf
  ..\customMod\Adds\pics\SouilAllocation.xcf
  ..\customMod\Adds\pics\XP.xcf
  ..\customMod\Adds\save\current\game.ssv
  ..\customMod\Adds\save\current\server.ssv
  ..\customMod\Adds\save\save0\game.ssv
  ..\customMod\Adds\save\save0\server.ssv
  12 File(s) copied
  release\gamex86.dll
  1 File(s) copied
